<?xml version="1.0" encoding="UTF-8"?>
<!-- Generated by org.testng.reporters.JUnitXMLReporter -->
<testsuite ignored="0" hostname="NTZ-CPU-227" failures="0" tests="2" name="Test2" time="39.785" errors="0" timestamp="2023-09-05T14:37:21 IST">
  <testcase classname="com.cadmin.testcases.Baseclass" name="@BeforeTest setup" time="39.736">
    <failure type="org.openqa.selenium.NoSuchElementException" message="Unable to find element with locator By.id: imgNewHomePage
For documentation on this error, please visit: https://www.selenium.dev/documentation/webdriver/troubleshooting/errors#no-such-element-exception
Build info: version: &amp;apos;4.10.0&amp;apos;, revision: &amp;apos;c14d967899&amp;apos;
System info: os.name: &amp;apos;Windows 10&amp;apos;, os.arch: &amp;apos;amd64&amp;apos;, os.version: &amp;apos;10.0&amp;apos;, java.version: &amp;apos;17.0.5&amp;apos;
Driver info: driver.version: RemoteWebDriver">
      <![CDATA[org.openqa.selenium.NoSuchElementException: Unable to find element with locator By.id: imgNewHomePage
For documentation on this error, please visit: https://www.selenium.dev/documentation/webdriver/troubleshooting/errors#no-such-element-exception
Build info: version: '4.10.0', revision: 'c14d967899'
System info: os.name: 'Windows 10', os.arch: 'amd64', os.version: '10.0', java.version: '17.0.5'
Driver info: driver.version: RemoteWebDriver
at org.openqa.selenium.remote.ElementLocation$ElementFinder$2.findElement(ElementLocation.java:168)
at org.openqa.selenium.remote.ElementLocation.findElement(ElementLocation.java:59)
at org.openqa.selenium.remote.RemoteWebDriver.findElement(RemoteWebDriver.java:350)
at org.openqa.selenium.remote.RemoteWebDriver.findElement(RemoteWebDriver.java:344)
at org.openqa.selenium.support.pagefactory.DefaultElementLocator.findElement(DefaultElementLocator.java:68)
at org.openqa.selenium.support.pagefactory.internal.LocatingElementHandler.invoke(LocatingElementHandler.java:38)
at jdk.proxy2/jdk.proxy2.$Proxy31.click(Unknown Source)
at com.cadmin.pageobject.loginindex.newadmin(loginindex.java:66)
at com.cadmin.testcases.Baseclass.setup(Baseclass.java:62)
at java.base/java.util.concurrent.FutureTask.run(FutureTask.java:264)
at java.base/java.util.concurrent.ThreadPoolExecutor.runWorker(ThreadPoolExecutor.java:1136)
at java.base/java.util.concurrent.ThreadPoolExecutor$Worker.run(ThreadPoolExecutor.java:635)
at java.base/java.lang.Thread.run(Thread.java:833)
... Removed 15 stack frames]]>
    </failure>
  </testcase> <!-- @BeforeTest setup -->
  <testcase classname="com.cadmin.testcases.Baseclass" name="@AfterMethod addResultsToTestRail" time="-1.693904841904E9">
    <skipped/>
  </testcase> <!-- @AfterMethod addResultsToTestRail -->
  <testcase classname="com.cadmin.testcases.Baseclass" name="@AfterMethod addResultsToTestRail" time="-1.693904841922E9">
    <skipped/>
  </testcase> <!-- @AfterMethod addResultsToTestRail -->
  <testcase classname="com.cadmin.testcases.Baseclass" name="@AfterTest teardown" time="-1.693904841923E9">
    <skipped/>
  </testcase> <!-- @AfterTest teardown -->
  <testcase classname="com.cadmin.testcases.TC_Classroom" name="classroom" time="0.0">
    <skipped/>
  </testcase> <!-- classroom -->
  <testcase classname="com.cadmin.testcases.TC_Classroom" name="testMethod" time="0.0">
    <skipped/>
  </testcase> <!-- testMethod -->
</testsuite> <!-- Test2 -->
